<?xml version="1.0" encoding="UTF-8"?>
<!-- Generated by org.testng.reporters.JUnitXMLReporter -->
<testsuite hostname="Jesse_Dobson_PC" ignored="0" name="Default test" tests="3" failures="0" timestamp="28 Jan 2019 05:24:39 GMT" time="29.496" errors="0">
  <testcase name="checkoutTest" time="13.578" classname="org.naic.mfl.se.challenge.tests.WebTest"/>
  <testcase name="logInTest" time="3.763" classname="org.naic.mfl.se.challenge.tests.WebTest"/>
  <testcase name="signUpTest" time="6.889" classname="org.naic.mfl.se.challenge.tests.WebTest"/>
</testsuite> <!-- Default test -->
